Log file open, 07/20/18 22:30:28
LogInit:Display: Running engine for game: Pyromania
LogPlatformFile: Not using cached read wrapper
LogInit:Display: RandInit(1128994125) SRandInit(1128994126).
LogTaskGraph: Started task graph with 5 named threads and 10 total threads with 1 sets of task threads.
LogStats: Stats thread started at 0.130876
LogInit: Using libcurl 7.47.1
LogInit:  - built for x86_64-pc-win32
LogInit:  - supports SSL with OpenSSL/1.0.2g
LogInit:  - supports HTTP deflate (compression) using libz 1.2.8
LogInit:  - other features:
LogInit:      CURL_VERSION_SSL
LogInit:      CURL_VERSION_LIBZ
LogInit:      CURL_VERSION_IPV6
LogInit:      CURL_VERSION_ASYNCHDNS
LogInit:      CURL_VERSION_LARGEFILE
LogInit:      CURL_VERSION_IDN
LogInit:  CurlRequestOptions (configurable via config and command line):
LogInit:  - bVerifyPeer = false  - Libcurl will NOT verify peer certificate
LogInit:  - bUseHttpProxy = false  - Libcurl will NOT use HTTP proxy
LogInit:  - bDontReuseConnections = false  - Libcurl will reuse connections
LogInit:  - CertBundlePath = nullptr  - Libcurl will use whatever was configured at build time.
LogInit: Build: ++UE4+Release-4.16-CL-3561208
LogInit: Engine Version: 4.16.3-3561208+++UE4+Release-4.16
LogInit: Compatible Engine Version: 4.16.0-3452394+++UE4+Release-4.16
LogInit: Net CL: 3452394
LogDevObjectVersion: Number of dev versions registered: 16
LogDevObjectVersion:   Dev-Blueprints (B0D832E4-1F89-4F0D-ACCF-7EB736FD4AA2): 9
LogDevObjectVersion:   Dev-Build (E1C64328-A22C-4D53-A36C-8E866417BD8C): 0
LogDevObjectVersion:   Dev-Core (375EC13C-06E4-48FB-B500-84F0262A717E): 2
LogDevObjectVersion:   Dev-Editor (E4B068ED-F494-42E9-A231-DA0B2E46BB41): 17
LogDevObjectVersion:   Dev-Framework (CFFC743F-43B0-4480-9391-14DF171D2073): 23
LogDevObjectVersion:   Dev-Mobile (B02B49B5-BB20-44E9-A304-32B752E40360): 0
LogDevObjectVersion:   Dev-Networking (A4E4105C-59A1-49B5-A7C5-40C4547EDFEE): 0
LogDevObjectVersion:   Dev-Online (39C831C9-5AE6-47DC-9A44-9C173E1C8E7C): 0
LogDevObjectVersion:   Dev-Physics (78F01B33-EBEA-4F98-B9B4-84EACCB95AA2): 0
LogDevObjectVersion:   Dev-Platform (6631380F-2D4D-43E0-8009-CF276956A95A): 0
LogDevObjectVersion:   Dev-Rendering (12F88B9F-8875-4AFC-A67C-D90C383ABD29): 15
LogDevObjectVersion:   Dev-Sequencer (7B5AE74C-D270-4C10-A958-57980B212A5A): 4
LogDevObjectVersion:   Dev-VR (D7296918-1DD6-4BDD-9DE2-64A83CC13884): 0
LogDevObjectVersion:   Dev-LoadTimes (C2A15278-BFE7-4AFE-6C17-90FF531DF755): 1
LogDevObjectVersion:   Private-Geometry (6EACA3D4-40EC-4CC1-B786-8BED09428FC5): 1
LogDevObjectVersion:   Dev-AnimPhys (29E575DD-E0A3-4627-9D10-D276232CDCEA): 3
LogInit: Compiled (64-bit): Jul 28 2017 11:49:47
LogInit: Compiled with Visual C++: 19.00.24215.01
LogInit: Build Configuration: Development
LogInit: Branch Name: ++UE4+Release-4.16
LogInit: Command line: -EpicPortal 
LogInit: Base directory: C:/Program Files/Epic Games/UE_4.16/Engine/Binaries/Win64/
LogInit: Installed Engine Build: 1
LogInit: Presizing for max 8388607 objects, including 0 objects not considered by GC, pre-allocating 0 bytes for permanent pool.
LogInit: Object subsystem initialized
[2018.07.20-21.30.29:070][  0]LogInit: Selected Device Profile: [Windows]
[2018.07.20-21.30.29:070][  0]LogInit: Applying CVar settings loaded from the selected device profile: [Windows]
[2018.07.20-21.30.29:136][  0]LogInit: Computer: DESKTOP-P0UCGMH
[2018.07.20-21.30.29:136][  0]LogInit: User: ethan
[2018.07.20-21.30.29:136][  0]LogInit: CPU Page size=4096, Cores=6
[2018.07.20-21.30.29:136][  0]LogInit: High frequency timer resolution =3.515621 MHz
[2018.07.20-21.30.29:136][  0]LogMemory: Memory total: Physical=16.0GB (16GB approx)
[2018.07.20-21.30.29:136][  0]LogMemory: Platform Memory Stats for Windows
[2018.07.20-21.30.29:137][  0]LogMemory: Process Physical Memory: 272.82 MB used, 272.82 MB peak
[2018.07.20-21.30.29:137][  0]LogMemory: Process Virtual Memory: 267.35 MB used, 267.35 MB peak
[2018.07.20-21.30.29:137][  0]LogMemory: Physical Memory: 5942.79 MB used,  10393.49 MB free, 16336.28 MB total
[2018.07.20-21.30.29:137][  0]LogMemory: Virtual Memory: 4782.34 MB used,  10393.49 MB free, 134217728.00 MB total
[2018.07.20-21.30.29:218][  0]LogInit: Using OS detected language (en-US).
[2018.07.20-21.30.29:218][  0]LogInit: Using OS detected locale (en-GB).
[2018.07.20-21.30.29:222][  0]LogTextLocalizationManager: No specific localization for 'en-US' exists, so the 'en' localization will be used.
[2018.07.20-21.30.30:308][  0]LogD3D11RHI: D3D11 adapters:
[2018.07.20-21.30.30:338][  0]LogD3D11RHI:    0. 'AMD Radeon R9 200 Series' (Feature Level 11_0)
[2018.07.20-21.30.30:338][  0]LogD3D11RHI:       3052/0/8168 MB DedicatedVideo/DedicatedSystem/SharedSystem, Outputs:1, VendorId:0x1002
[2018.07.20-21.30.30:340][  0]LogD3D11RHI:    1. 'Microsoft Basic Render Driver' (Feature Level 11_0)
[2018.07.20-21.30.30:340][  0]LogD3D11RHI:       0/0/8168 MB DedicatedVideo/DedicatedSystem/SharedSystem, Outputs:0, VendorId:0x1414
[2018.07.20-21.30.30:340][  0]LogD3D11RHI: Chosen D3D11 Adapter: 0
[2018.07.20-21.30.30:347][  0]LogD3D11RHI: Creating new Direct3DDevice
[2018.07.20-21.30.30:347][  0]LogD3D11RHI:     GPU DeviceId: 0x679a (for the marketing name, search the web for "GPU Device Id")
[2018.07.20-21.30.30:347][  0]LogWindows: EnumDisplayDevices:
[2018.07.20-21.30.30:347][  0]LogWindows:    0. 'AMD Radeon R9 200 Series' (P:1 D:1)
[2018.07.20-21.30.30:347][  0]LogWindows:    1. 'AMD Radeon R9 200 Series' (P:0 D:0)
[2018.07.20-21.30.30:347][  0]LogWindows:    2. 'AMD Radeon R9 200 Series' (P:0 D:0)
[2018.07.20-21.30.30:347][  0]LogWindows:    3. 'AMD Radeon R9 200 Series' (P:0 D:0)
[2018.07.20-21.30.30:347][  0]LogWindows:    4. 'AMD Radeon R9 200 Series' (P:0 D:0)
[2018.07.20-21.30.30:347][  0]LogWindows:    5. 'AMD Radeon R9 200 Series' (P:0 D:0)
[2018.07.20-21.30.30:348][  0]LogWindows:    6. 'AMD Radeon R9 200 Series' (P:0 D:0)
[2018.07.20-21.30.30:348][  0]LogWindows:    7. 'AMD Radeon R9 200 Series' (P:0 D:0)
[2018.07.20-21.30.30:348][  0]LogWindows:    8. 'AMD Radeon R9 200 Series' (P:0 D:0)
[2018.07.20-21.30.30:348][  0]LogWindows:    9. 'AMD Radeon R9 200 Series' (P:0 D:0)
[2018.07.20-21.30.30:348][  0]LogWindows:    10. 'AMD Radeon R9 200 Series' (P:0 D:0)
[2018.07.20-21.30.30:348][  0]LogWindows:    11. 'AMD Radeon R9 200 Series' (P:0 D:0)
[2018.07.20-21.30.30:349][  0]LogWindows:    12. 'AMD Radeon R9 200 Series' (P:0 D:0)
[2018.07.20-21.30.30:349][  0]LogWindows:    13. 'AMD Radeon R9 200 Series' (P:0 D:0)
[2018.07.20-21.30.30:349][  0]LogWindows:    14. 'AMD Radeon R9 200 Series' (P:0 D:0)
[2018.07.20-21.30.30:349][  0]LogWindows:    15. 'AMD Radeon R9 200 Series' (P:0 D:0)
[2018.07.20-21.30.30:349][  0]LogWindows: DebugString: GetVideoDriverDetailsInvalid PrimaryIsNotTheChoosenAdapter GetVideoDriverDetailsInvalid PrimaryIsNotTheChoosenAdapter GetVideoDriverDetailsInvalid PrimaryIsNotTheChoosenAdapter GetVideoDriverDetailsInvalid PrimaryIsNotTheChoosenAdapter GetVideoDriverDetailsInvalid PrimaryIsNotTheChoosenAdapter GetVideoDriverDetailsInvalid PrimaryIsNotTheChoosenAdapter GetVideoDriverDetailsInvalid PrimaryIsNotTheChoosenAdapter GetVideoDriverDetailsInvalid PrimaryIsNotTheChoosenAdapter GetVideoDriverDetailsInvalid PrimaryIsNotTheChoosenAdapter GetVideoDriverDetailsInvalid PrimaryIsNotTheChoosenAdapter GetVideoDriverDetailsInvalid PrimaryIsNotTheChoosenAdapter GetVideoDriverDetailsInvalid PrimaryIsNotTheChoosenAdapter GetVideoDriverDetailsInvalid PrimaryIsNotTheChoosenAdapter GetVideoDriverDetailsInvalid PrimaryIsNotTheChoosenAdapter GetVideoDriverDetailsInvalid PrimaryIsNotTheChoosenAdapter GetVideoDriverDetailsInvalid PrimaryIsNotTheChoosenAdapter FoundDriverCount:0 
[2018.07.20-21.30.30:349][  0]LogD3D11RHI:     Adapter Name: AMD Radeon R9 200 Series
[2018.07.20-21.30.30:349][  0]LogD3D11RHI:   Driver Version: Unknown (internal:Unknown, unified:Unknown)
[2018.07.20-21.30.30:349][  0]LogD3D11RHI:      Driver Date: Unknown
[2018.07.20-21.30.30:349][  0]LogRHI: Texture pool is 1361 MB (70% of 1945 MB)
[2018.07.20-21.30.30:400][  0]LogD3D11RHI: Async texture creation enabled
[2018.07.20-21.30.30:410][  0]LogD3D11RHI: GPU Timing Frequency: 27.000000 (Debug: 2 1)
[2018.07.20-21.30.30:411][  0]LogShaderCompilers: Guid format shader working directory is 23 characters bigger than the processId version (I:/Pyromania/Pyromania/Intermediate/Shaders/WorkingDirectory/10500/).
[2018.07.20-21.30.30:411][  0]LogShaderCompilers: Cleaned the shader compiler working directory 'C:/Users/ethan/AppData/Local/Temp/UnrealShaderWorkingDir/E5969DA54C1354522EEC95A74720900B/'.
[2018.07.20-21.30.30:411][  0]LogShaderCompilers:Display: Using Local Shader Compiler.
[2018.07.20-21.30.31:479][  0]LogTemp:Display: Loaded TP AllDesktopTargetPlatform
[2018.07.20-21.30.31:545][  0]LogTemp:Display: Loaded TP MacClientTargetPlatform
[2018.07.20-21.30.31:612][  0]LogTemp:Display: Loaded TP MacNoEditorTargetPlatform
[2018.07.20-21.30.31:678][  0]LogTemp:Display: Loaded TP MacServerTargetPlatform
[2018.07.20-21.30.31:745][  0]LogTemp:Display: Loaded TP MacTargetPlatform
[2018.07.20-21.30.31:810][  0]LogTemp:Display: Loaded TP WindowsClientTargetPlatform
[2018.07.20-21.30.31:877][  0]LogTemp:Display: Loaded TP WindowsNoEditorTargetPlatform
[2018.07.20-21.30.31:944][  0]LogTemp:Display: Loaded TP WindowsServerTargetPlatform
[2018.07.20-21.30.32:002][  0]LogTemp:Display: Loaded TP WindowsTargetPlatform
[2018.07.20-21.30.32:067][  0]LogTemp:Display: Loaded TP AndroidTargetPlatform
[2018.07.20-21.30.32:131][  0]LogTemp:Display: Loaded TP Android_ASTCTargetPlatform
[2018.07.20-21.30.32:196][  0]LogTemp:Display: Loaded TP Android_ATCTargetPlatform
[2018.07.20-21.30.32:259][  0]LogTemp:Display: Loaded TP Android_DXTTargetPlatform
[2018.07.20-21.30.32:325][  0]LogTemp:Display: Loaded TP Android_ETC1TargetPlatform
[2018.07.20-21.30.32:390][  0]LogTemp:Display: Loaded TP Android_ETC2TargetPlatform
[2018.07.20-21.30.32:522][  0]LogTemp:Display: Loaded TP Android_MultiTargetPlatform
[2018.07.20-21.30.32:522][  0]LogTemp:Display: Loaded TP Android_PVRTCTargetPlatform
[2018.07.20-21.30.32:575][  0]LogTemp:Display: Loaded TP HTML5TargetPlatform
[2018.07.20-21.30.32:689][  0]LogTemp:Display: Loaded TP IOSTargetPlatform
[2018.07.20-21.30.32:728][  0]LogTemp:Display: Loaded TP TVOSTargetPlatform
[2018.07.20-21.30.32:791][  0]LogTemp:Display: Loaded TP LinuxClientTargetPlatform
[2018.07.20-21.30.32:853][  0]LogTemp:Display: Loaded TP LinuxNoEditorTargetPlatform
[2018.07.20-21.30.32:918][  0]LogTemp:Display: Loaded TP LinuxServerTargetPlatform
[2018.07.20-21.30.32:983][  0]LogTemp:Display: Loaded TP LinuxTargetPlatform
[2018.07.20-21.30.32:983][  0]LogTargetPlatformManager:Display: Building Assets For Windows
[2018.07.20-21.30.33:631][  0]LogDerivedDataCache:Display: Max Cache Size: 512 MB
[2018.07.20-21.30.33:727][  0]LogDerivedDataCache: Loaded boot cache 0.10s 90MB C:/Users/ethan/AppData/Local/UnrealEngine/4.16/DerivedDataCache/Boot.ddc.
[2018.07.20-21.30.33:727][  0]LogDerivedDataCache:Display: Loaded Boot cache: C:/Users/ethan/AppData/Local/UnrealEngine/4.16/DerivedDataCache/Boot.ddc
[2018.07.20-21.30.33:727][  0]LogDerivedDataCache: FDerivedDataBackendGraph:  Pak pak cache file I:/Pyromania/Pyromania/DerivedDataCache/DDC.ddp not found, will not use a pak cache.
[2018.07.20-21.30.33:727][  0]LogDerivedDataCache: Unable to find inner node Pak for hierarchical cache Hierarchy.
[2018.07.20-21.30.33:727][  0]LogDerivedDataCache: FDerivedDataBackendGraph:  CompressedPak pak cache file I:/Pyromania/Pyromania/DerivedDataCache/Compressed.ddp not found, will not use a pak cache.
[2018.07.20-21.30.33:727][  0]LogDerivedDataCache: Unable to find inner node CompressedPak for hierarchical cache Hierarchy.
[2018.07.20-21.30.33:745][  0]LogDerivedDataCache:Display: Pak cache opened for reading ../../../Engine/DerivedDataCache/Compressed.ddp.
[2018.07.20-21.30.33:758][  0]LogDerivedDataCache: Using Local data cache path C:/Users/ethan/AppData/Local/UnrealEngine/Common/DerivedDataCache: Writable
[2018.07.20-21.30.33:768][  0]LogMaterial: Verifying Global Shaders for PCD3D_SM5
[2018.07.20-21.30.33:768][  0]LogSlate: Using Freetype 2.6.0
[2018.07.20-21.30.33:769][  0]LogSlate: SlateFontCache - WITH_FREETYPE: 1, WITH_HARFBUZZ: 1
[2018.07.20-21.30.33:769][  0]LogSlate: SlateFontCache - WITH_FREETYPE: 1, WITH_HARFBUZZ: 1
[2018.07.20-21.30.34:150][  0]LogInit: Selected Device Profile: [Windows]
[2018.07.20-21.30.34:250][  0]LogContentStreaming: Texture pool size is 0.00 MB
[2018.07.20-21.30.34:431][  0]LogMeshUtilities: Using QuadricMeshReduction for automatic static mesh reduction
[2018.07.20-21.30.34:488][  0]LogSimplygon: Simplygon DLL not present - disabling.
[2018.07.20-21.30.34:553][  0]LogMeshUtilities: Using SimplygonSwarm for distributed automatic mesh merging
[2018.07.20-21.30.34:553][  0]LogMeshUtilities: No automatic skeletal mesh reduction module available
[2018.07.20-21.30.34:553][  0]LogMeshUtilities: No automatic mesh merging module available
[2018.07.20-21.30.35:228][  0]LogNetVersion: Pyromania , NetCL: 3452394, EngineNetVer: 2, GameNetVer: 0 (Checksum: 1639439231)
[2018.07.20-21.30.35:308][  0]LogAssetRegistry: FAssetRegistry took 0.0270 seconds to start up
[2018.07.20-21.30.35:757][  0]LogPackageLocalizationCache: Processed 4 localized package path(s) for 2 prioritized culture(s) in 0.415452 seconds
[2018.07.20-21.30.35:769][  0]LogUObjectArray: 34194 objects as part of root set at end of initial load.
[2018.07.20-21.30.35:769][  0]LogUObjectAllocator: 7260424 out of 0 bytes used by permanent object pool.
[2018.07.20-21.30.35:769][  0]LogUObjectArray: CloseDisregardForGC: 0/0 objects in disregard for GC pool
[2018.07.20-21.30.35:853][  0]LogInit: WinSock: version 1.1 (2.2), MaxSocks=32767, MaxUdp=65467
[2018.07.20-21.30.38:718][  0]LogTcpMessaging: Initializing TcpMessaging bridge
[2018.07.20-21.30.38:771][  0]LogUdpMessaging: Initializing bridge on interface 0.0.0.0:0 to multicast group 230.0.0.1:6666.
[2018.07.20-21.30.39:444][  0]LogMaterial: Uniform references updated for custom material expression Custom.
[2018.07.20-21.30.39:964][  0]SourceControl: Info Source control is disabled
[2018.07.20-21.30.39:965][  0]SourceControl: Info Source control is disabled
[2018.07.20-21.30.40:030][  0]SourceControl: Info Source control is disabled
[2018.07.20-21.30.40:102][  0]SourceControl: Info Source control is disabled
[2018.07.20-21.30.41:035][  0]LogAndroidPermission: UAndroidPermissionCallbackProxy::GetInstance
[2018.07.20-21.30.41:822][  0]LogEngine: Initializing Engine...
[2018.07.20-21.30.41:850][  0]LogHMD: Failed to initialize OpenVR with code 126
[2018.07.20-21.30.42:068][  0]LogStats: UGameplayTagsManager::ConstructGameplayTagTree: Construct from data asset -  0.000 s
[2018.07.20-21.30.42:068][  0]LogStats: UGameplayTagsManager::ConstructGameplayTagTree: GameplayTagTreeChangedEvent.Broadcast -  0.000 s
[2018.07.20-21.30.42:244][  0]LogAIModule: Creating AISystem for world Untitled
[2018.07.20-21.30.42:263][  0]LogInit: XAudio2 using 'Speakers (Realtek High Definition Audio)' : 2 channels at 48 kHz using 32 bits per sample (channel mask 0x3)
[2018.07.20-21.30.42:287][  0]LogInit: FAudioDevice initialized.
[2018.07.20-21.30.42:350][  0]LogDerivedDataCache: Saved boot cache 0.06s 90MB C:/Users/ethan/AppData/Local/UnrealEngine/4.16/DerivedDataCache/Boot.ddc.
[2018.07.20-21.30.42:367][  0]LogInit: Texture streaming: Enabled
[2018.07.20-21.30.42:506][  0]LogEngineSessionManager: EngineSessionManager initialized
[2018.07.20-21.30.42:828][  0]LogInit: Transaction tracking system initialized
[2018.07.20-21.30.43:365][  0]BlueprintLog: New page: Editor Load
[2018.07.20-21.30.44:687][  0]LocalizationService: Info Localization service is disabled
[2018.07.20-21.30.45:652][  0]LogConsoleResponse:Display: 
[2018.07.20-21.30.45:881][  0]LogCook:Display: Max memory allowance for cook 16384mb min free memory 0mb
[2018.07.20-21.30.45:881][  0]LogCook:Display: Mobile HDR setting 1
[2018.07.20-21.30.46:709][  0]LogFileCache: Scanning file cache for directory 'I:/Pyromania/Pyromania/Content/' took 0.02s
[2018.07.20-21.30.47:346][  0]SourceControl: Info Source control is disabled
[2018.07.20-21.30.47:346][  0]Cmd: MAP LOAD FILE="I:/Pyromania/Pyromania/Content/Levels/HouseLevel.umap" TEMPLATE=0 SHOWPROGRESS=1 FEATURELEVEL=3
[2018.07.20-21.30.47:347][  0]LightingResults: New page: Lighting Build
[2018.07.20-21.30.47:404][  0]MapCheck: New page: Map Check
[2018.07.20-21.30.47:404][  0]LightingResults: New page: Lighting Build
[2018.07.20-21.30.48:197][  0]LogAIModule: Creating AISystem for world HouseLevel
[2018.07.20-21.30.48:218][  0]LogEditorServer: Finished looking for orphan Actors (0.000 secs)
[2018.07.20-21.30.48:228][  0]Cmd: MAP CHECKDEP NOCLEARLOG
[2018.07.20-21.30.48:290][  0]MapCheck: Info Map check complete: 0 Error(s), 0 Warning(s), took 61.793ms to complete.
[2018.07.20-21.30.48:290][  0]LogFileHelpers: Loading map 'HouseLevel' took 0.944
[2018.07.20-21.30.48:760][  0]LogCollectionManager: Loaded 0 collections in 0.002125 seconds
[2018.07.20-21.30.48:911][  0]LogFileCache: Scanning file cache for directory 'I:/Pyromania/Pyromania/Saved/Collections/' took 0.01s
[2018.07.20-21.30.48:911][  0]LogFileCache: Scanning file cache for directory 'I:/Pyromania/Pyromania/Content/Developers/ethan/Collections/' took 0.01s
[2018.07.20-21.30.48:911][  0]LogFileCache: Scanning file cache for directory 'I:/Pyromania/Pyromania/Content/Collections/' took 0.01s
[2018.07.20-21.30.48:911][  0]LogCollectionManager: Rebuilt the GUID cache for 0 collections in 0.000003 seconds
[2018.07.20-21.30.48:934][  0]LogContentBrowser: Native class hierarchy populated in 0.0143 seconds. Added 2330 classes and 493 folders.
[2018.07.20-21.30.49:046][  0]LogContentBrowser: Native class hierarchy updated for 'WidgetCarousel' in 0.0006 seconds. Added 0 classes and 0 folders.
[2018.07.20-21.30.49:554][  0]LogContentBrowser: Native class hierarchy updated for 'AddContentDialog' in 0.0009 seconds. Added 0 classes and 0 folders.
[2018.07.20-21.30.49:592][  0]LogCrashTracker: Crashtracker disabled due to settings.
[2018.07.20-21.30.49:604][  0]LogSlate: Took 0.000263 seconds to synchronously load lazily loaded font '../../../Engine/Content/Slate/Fonts/Roboto-Regular.ttf' (155K)
[2018.07.20-21.30.49:606][  0]LogSlate: Took 0.000204 seconds to synchronously load lazily loaded font '../../../Engine/Content/Slate/Fonts/Roboto-Bold.ttf' (160K)
[2018.07.20-21.30.49:628][  0]LogSlate: Took 0.011407 seconds to synchronously load lazily loaded font '../../../Engine/Content/Editor/Slate/Fonts/FontAwesome.ttf' (139K)
[2018.07.20-21.30.49:808][  0]LogRenderer: Reallocating scene render targets to support 1192x668 NumSamples 1 (Frame:1).
[2018.07.20-21.30.49:947][  0]LogSlate: Took 0.011882 seconds to synchronously load lazily loaded font '../../../Engine/Content/Slate/Fonts/Roboto-Light.ttf' (159K)
[2018.07.20-21.30.50:037][  0]LogUObjectGlobals:Warning: Failed to find object 'Class None.'
[2018.07.20-21.30.50:117][  0]LogContentBrowser: Native class hierarchy updated for 'HierarchicalLODOutliner' in 0.0012 seconds. Added 1 classes and 2 folders.
[2018.07.20-21.30.50:117][  0]LogLoad: (Engine Initialization) Total time: 24.28 seconds
[2018.07.20-21.30.50:117][  0]LogLoad: (Engine Initialization) Total Blueprint compile time: 0.11 seconds
[2018.07.20-21.30.50:117][  0]LogExternalProfiler: No external profilers were discovered.  External profiling features will not be available.
[2018.07.20-21.30.50:127][  0]LogWindowsTextInputMethodSystem:Display: IME system now deactivated.
[2018.07.20-21.30.50:127][  0]LogOcInput: OculusInput pre-init called
[2018.07.20-21.30.50:128][  0]LogHMD: Starting GearVRController plugin
[2018.07.20-21.30.50:153][  0]LogContentStreaming: Texture pool size now 800 MB
[2018.07.20-21.30.50:297][  1]LogAssetRegistry: Asset discovery search completed in 15.0118 seconds
[2018.07.20-21.30.50:298][  1]LogCollectionManager: Rebuilt the object cache for 0 collections in 0.000001 seconds (found 0 objects)
[2018.07.20-21.30.50:298][  1]LogCollectionManager: Fixed up redirectors for 0 collections in 0.000022 seconds (updated 0 objects)
[2018.07.20-21.32.34:306][924]LogEditorViewport: Clicking on Actor (LMB): BP_Sky_Sphere_C (Sky Sphere)
[2018.07.20-21.32.53:447][ 59]LogEditorViewport: Clicking on Actor (LMB): PointLight (PointLight7)
[2018.07.20-21.32.55:750][309]LogEditorViewport: Clicking on Actor (LMB): SkeletalMeshActor (FemaleFire2)
[2018.07.20-21.33.01:783][954]LogRenderer: Reallocating scene render targets to support 1204x668 NumSamples 1 (Frame:6751).
[2018.07.20-21.33.01:833][955]LogRenderer: Reallocating scene render targets to support 1216x668 NumSamples 1 (Frame:6753).
[2018.07.20-21.33.01:876][956]LogRenderer: Reallocating scene render targets to support 1232x668 NumSamples 1 (Frame:6755).
[2018.07.20-21.33.01:917][957]LogRenderer: Reallocating scene render targets to support 1244x668 NumSamples 1 (Frame:6757).
[2018.07.20-21.33.01:958][958]LogRenderer: Reallocating scene render targets to support 1256x668 NumSamples 1 (Frame:6759).
[2018.07.20-21.33.02:007][959]LogRenderer: Reallocating scene render targets to support 1268x668 NumSamples 1 (Frame:6761).
[2018.07.20-21.33.02:047][960]LogRenderer: Reallocating scene render targets to support 1284x668 NumSamples 1 (Frame:6763).
[2018.07.20-21.33.02:092][961]LogRenderer: Reallocating scene render targets to support 1292x668 NumSamples 1 (Frame:6765).
[2018.07.20-21.33.02:139][962]LogRenderer: Reallocating scene render targets to support 1308x668 NumSamples 1 (Frame:6767).
[2018.07.20-21.33.02:180][963]LogRenderer: Reallocating scene render targets to support 1324x668 NumSamples 1 (Frame:6769).
[2018.07.20-21.33.02:219][964]LogRenderer: Reallocating scene render targets to support 1344x668 NumSamples 1 (Frame:6771).
[2018.07.20-21.33.02:262][965]LogRenderer: Reallocating scene render targets to support 1372x668 NumSamples 1 (Frame:6773).
[2018.07.20-21.33.02:305][966]LogRenderer: Reallocating scene render targets to support 1388x668 NumSamples 1 (Frame:6775).
[2018.07.20-21.33.02:347][967]LogRenderer: Reallocating scene render targets to support 1400x668 NumSamples 1 (Frame:6777).
[2018.07.20-21.33.02:391][968]LogRenderer: Reallocating scene render targets to support 1408x668 NumSamples 1 (Frame:6779).
[2018.07.20-21.33.02:436][969]LogRenderer: Reallocating scene render targets to support 1420x668 NumSamples 1 (Frame:6781).
[2018.07.20-21.33.02:480][970]LogRenderer: Reallocating scene render targets to support 1432x668 NumSamples 1 (Frame:6783).
[2018.07.20-21.33.02:574][973]LogRenderer: Reallocating scene render targets to support 1436x668 NumSamples 1 (Frame:6787).
[2018.07.20-21.33.02:799][992]LogRenderer: Reallocating scene render targets to support 1444x668 NumSamples 1 (Frame:6791).
[2018.07.20-21.33.02:840][993]LogRenderer: Reallocating scene render targets to support 1448x668 NumSamples 1 (Frame:6793).
[2018.07.20-21.33.04:297][145]LogRenderer: Reallocating scene render targets to support 1448x688 NumSamples 1 (Frame:6938).
[2018.07.20-21.33.04:342][146]LogRenderer: Reallocating scene render targets to support 1448x712 NumSamples 1 (Frame:6940).
[2018.07.20-21.33.04:386][147]LogRenderer: Reallocating scene render targets to support 1448x740 NumSamples 1 (Frame:6942).
[2018.07.20-21.33.04:428][148]LogRenderer: Reallocating scene render targets to support 1448x768 NumSamples 1 (Frame:6944).
[2018.07.20-21.33.04:473][149]LogRenderer: Reallocating scene render targets to support 1448x788 NumSamples 1 (Frame:6946).
[2018.07.20-21.33.04:522][150]LogRenderer: Reallocating scene render targets to support 1448x812 NumSamples 1 (Frame:6948).
[2018.07.20-21.33.04:587][151]LogRenderer: Reallocating scene render targets to support 1448x844 NumSamples 1 (Frame:6950).
[2018.07.20-21.33.04:625][152]LogRenderer: Reallocating scene render targets to support 1448x884 NumSamples 1 (Frame:6952).
[2018.07.20-21.33.04:668][153]LogRenderer: Reallocating scene render targets to support 1448x900 NumSamples 1 (Frame:6954).
[2018.07.20-21.33.07:010][411]LogRenderer: Reallocating scene render targets to support 1452x900 NumSamples 1 (Frame:7169).
[2018.07.20-21.33.07:058][411]LogRenderer: Reallocating scene render targets to support 1476x900 NumSamples 1 (Frame:7171).
[2018.07.20-21.33.07:115][412]LogRenderer: Reallocating scene render targets to support 1532x900 NumSamples 1 (Frame:7173).
[2018.07.20-21.33.07:169][414]LogRenderer: Reallocating scene render targets to support 1572x900 NumSamples 1 (Frame:7175).
[2018.07.20-21.33.07:246][415]LogRenderer: Reallocating scene render targets to support 1604x900 NumSamples 1 (Frame:7177).
[2018.07.20-21.33.07:316][416]LogRenderer: Reallocating scene render targets to support 1648x900 NumSamples 1 (Frame:7179).
[2018.07.20-21.33.07:370][417]LogRenderer: Reallocating scene render targets to support 1680x900 NumSamples 1 (Frame:7181).
[2018.07.20-21.33.07:446][418]LogRenderer: Reallocating scene render targets to support 1704x900 NumSamples 1 (Frame:7183).
[2018.07.20-21.33.07:510][419]LogRenderer: Reallocating scene render targets to support 1740x900 NumSamples 1 (Frame:7185).
[2018.07.20-21.33.07:566][420]LogRenderer: Reallocating scene render targets to support 1744x900 NumSamples 1 (Frame:7187).
[2018.07.20-21.38.37:132][ 16]LogEditorViewport: Clicking on Actor (LMB): BP_Sky_Sphere_C (Sky Sphere)
[2018.07.20-21.38.38:042][112]LogEditorViewport: Clicking on Actor (LMB): BP_Sky_Sphere_C (Sky Sphere)
[2018.07.20-21.51.57:243][866]LogTemp: Repeting last play command: Selected Viewport
[2018.07.20-21.51.57:967][866]LogPlayLevel: PlayLevel: No blueprints needed recompiling
[2018.07.20-21.51.57:970][866]PIE: New page: PIE session: HouseLevel (20 Jul 2018 23:51:57)
[2018.07.20-21.51.57:970][866]LogPlayLevel: Creating play world package: /Game/Levels/UEDPIE_0_HouseLevel
[2018.07.20-21.51.57:994][866]LogPlayLevel: PIE: StaticDuplicateObject took: (0.024100s)
[2018.07.20-21.51.57:995][866]LogAIModule: Creating AISystem for world HouseLevel
[2018.07.20-21.51.57:996][866]LogPlayLevel: PIE: World Init took: (0.001213s)
[2018.07.20-21.51.57:996][866]LogPlayLevel: PIE: Created PIE world by copying editor world from /Game/Levels/HouseLevel.HouseLevel to /Game/Levels/UEDPIE_0_HouseLevel.HouseLevel (0.025670s)
[2018.07.20-21.51.58:014][866]LogInit: XAudio2 using 'Speakers (Realtek High Definition Audio)' : 2 channels at 48 kHz using 32 bits per sample (channel mask 0x3)
[2018.07.20-21.51.58:033][866]LogInit: FAudioDevice initialized.
[2018.07.20-21.51.58:387][866]LogLoad: Game class is 'ThirdPersonGameMode_C'
[2018.07.20-21.51.58:393][866]LogWorld: Bringing World /Game/Levels/UEDPIE_0_HouseLevel.HouseLevel up for play (max tick rate 0) at 2018.07.20-22.51.58
[2018.07.20-21.51.58:394][866]LogWorld: Bringing up level for play took: 0.003954
[2018.07.20-21.51.58:457][866]LogContentBrowser: Native class hierarchy updated for 'MovieSceneCapture' in 0.0012 seconds. Added 11 classes and 0 folders.
[2018.07.20-21.51.58:465][866]PIE: Info Play in editor start time for /Game/Levels/UEDPIE_0_HouseLevel 1.168
[2018.07.20-21.52.27:043][ 94]LogTemp: Repeting last play command: Selected Viewport
[2018.07.20-21.52.27:403][ 94]LogPlayLevel: PlayLevel: No blueprints needed recompiling
[2018.07.20-21.52.27:403][ 94]PIE: New page: PIE session: HouseLevel (20 Jul 2018 23:52:27)
[2018.07.20-21.52.27:403][ 94]LogPlayLevel: Creating play world package: /Game/Levels/UEDPIE_0_HouseLevel
[2018.07.20-21.52.27:423][ 94]LogPlayLevel: PIE: StaticDuplicateObject took: (0.019705s)
[2018.07.20-21.52.27:424][ 94]LogAIModule: Creating AISystem for world HouseLevel
[2018.07.20-21.52.27:425][ 94]LogPlayLevel: PIE: World Init took: (0.001414s)
[2018.07.20-21.52.27:425][ 94]LogPlayLevel: PIE: Created PIE world by copying editor world from /Game/Levels/HouseLevel.HouseLevel to /Game/Levels/UEDPIE_0_HouseLevel.HouseLevel (0.021449s)
[2018.07.20-21.52.27:446][ 94]LogInit: XAudio2 using 'Speakers (Realtek High Definition Audio)' : 2 channels at 48 kHz using 32 bits per sample (channel mask 0x3)
[2018.07.20-21.52.27:467][ 94]LogInit: FAudioDevice initialized.
[2018.07.20-21.52.27:501][ 94]LogLoad: Game class is 'ThirdPersonGameMode_C'
[2018.07.20-21.52.27:505][ 94]LogWorld: Bringing World /Game/Levels/UEDPIE_0_HouseLevel.HouseLevel up for play (max tick rate 0) at 2018.07.20-22.52.27
[2018.07.20-21.52.27:505][ 94]LogWorld: Bringing up level for play took: 0.002501
[2018.07.20-21.52.27:507][ 94]PIE: Info Play in editor start time for /Game/Levels/UEDPIE_0_HouseLevel 0.21
[2018.07.20-22.36.25:549][276]LogSlate: Took 0.000216 seconds to synchronously load lazily loaded font '../../../Engine/Content/Slate/Fonts/Roboto-Light.ttf' (159K)
[2018.07.20-22.36.25:559][276]Cmd: OBJ SAVEPACKAGE PACKAGE="/Game/Levels/HouseLevel" FILE="I:/Pyromania/Pyromania/Content/Levels/HouseLevel.umap" SILENT=true AUTOSAVING=false KEEPDIRTY=false
[2018.07.20-22.36.31:299][276]LogSavePackage: Save=288.28ms
[2018.07.20-22.36.31:299][276]LogSavePackage: Moving 'I:/Pyromania/Pyromania/Saved/HouseLevel10704D8F4C9A1EB5E6B4AD924815E8F9.tmp' to 'I:/Pyromania/Pyromania/Content/Levels/HouseLevel.umap'
[2018.07.20-22.36.31:300][276]LogSavePackage:Display: Finished SavePackage I:/Pyromania/Pyromania/Content/Levels/HouseLevel.umap
[2018.07.20-22.36.31:339][276]Cmd: OBJ SAVEPACKAGE PACKAGE="/Game/Levels/HouseLevel_BuiltData" FILE="I:/Pyromania/Pyromania/Content/Levels/HouseLevel_BuiltData.uasset" SILENT=true
[2018.07.20-22.36.31:470][276]LogSavePackage: Save=104.17ms
[2018.07.20-22.36.31:470][276]LogSavePackage: Moving 'I:/Pyromania/Pyromania/Saved/HouseLevel_BuiltData1F15AB4540887C4E0081FD80761B002A.tmp' to 'I:/Pyromania/Pyromania/Content/Levels/HouseLevel_BuiltData.uasset'
[2018.07.20-22.36.31:473][276]LogSavePackage:Display: Finished SavePackage I:/Pyromania/Pyromania/Content/Levels/HouseLevel_BuiltData.uasset
[2018.07.20-22.36.33:190][415]Cmd: QUIT_EDITOR
[2018.07.20-22.36.33:423][415]LogWindowsTextInputMethodSystem:Display: IME system now deactivated.
[2018.07.20-22.36.33:434][415]LogExit: Preparing to exit.
[2018.07.20-22.36.34:509][415]LogExit: Editor shut down
[2018.07.20-22.36.34:518][415]LogExit: Transaction tracking system shut down
[2018.07.20-22.36.34:576][415]LogObj: Freed 0b from 0 cluster array pools.
[2018.07.20-22.36.34:576][415]LogExit: Object subsystem successfully closed.
[2018.07.20-22.36.34:602][415]LogD3D11RHI: Shutdown
[2018.07.20-22.36.34:602][415]LogD3D11RHI: CleanupD3DDevice
[2018.07.20-22.36.34:682][415]LogD3D11RHI: ~FD3D11DynamicRHI
[2018.07.20-22.36.34:699][415]LogModuleManager: Shutting down and abandoning module MovieSceneCapture (526)
[2018.07.20-22.36.34:699][415]LogModuleManager: Shutting down and abandoning module HierarchicalLODOutliner (524)
[2018.07.20-22.36.34:699][415]LogModuleManager: Shutting down and abandoning module CrashTracker (522)
[2018.07.20-22.36.34:699][415]LogModuleManager: Shutting down and abandoning module AddContentDialog (520)
[2018.07.20-22.36.34:700][415]LogDirectoryWatcher: A directory notification for 'C:/Program Files/Epic Games/UE_4.16/FeaturePacks/' was aborted.
[2018.07.20-22.36.34:701][415]LogModuleManager: Shutting down and abandoning module WidgetCarousel (519)
[2018.07.20-22.36.34:701][415]LogModuleManager: Shutting down and abandoning module EditorWidgets (516)
[2018.07.20-22.36.34:701][415]LogModuleManager: Shutting down and abandoning module CollectionManager (514)
[2018.07.20-22.36.34:701][415]LogDirectoryWatcher: A directory notification for 'I:/Pyromania/Pyromania/Content/Collections/' was aborted.
[2018.07.20-22.36.34:701][415]LogDirectoryWatcher: A directory notification for 'I:/Pyromania/Pyromania/Content/Developers/ethan/Collections/' was aborted.
[2018.07.20-22.36.34:701][415]LogDirectoryWatcher: A directory notification for 'I:/Pyromania/Pyromania/Saved/Collections/' was aborted.
[2018.07.20-22.36.34:701][415]LogModuleManager: Shutting down and abandoning module SceneOutliner (512)
[2018.07.20-22.36.34:701][415]LogModuleManager: Shutting down and abandoning module StatsViewer (510)
[2018.07.20-22.36.34:701][415]LogModuleManager: Shutting down and abandoning module FoliageEdit (508)
[2018.07.20-22.36.34:701][415]LogModuleManager: Shutting down and abandoning module LandscapeEditor (506)
[2018.07.20-22.36.34:701][415]LogModuleManager: Shutting down and abandoning module MeshPaintMode (504)
[2018.07.20-22.36.34:701][415]LogModuleManager: Shutting down and abandoning module SceneDepthPickerMode (502)
[2018.07.20-22.36.34:701][415]LogModuleManager: Shutting down and abandoning module ActorPickerMode (500)
[2018.07.20-22.36.34:701][415]LogModuleManager: Shutting down and abandoning module GeometryMode (498)
[2018.07.20-22.36.34:701][415]LogModuleManager: Shutting down and abandoning module TextureAlignMode (496)
[2018.07.20-22.36.34:701][415]LogModuleManager: Shutting down and abandoning module BspMode (494)
[2018.07.20-22.36.34:701][415]LogModuleManager: Shutting down and abandoning module HardwareSurvey (492)
[2018.07.20-22.36.34:701][415]LogModuleManager: Shutting down and abandoning module SequenceRecorderSections (490)
[2018.07.20-22.36.34:701][415]LogModuleManager: Shutting down and abandoning module AutomationWorker (488)
[2018.07.20-22.36.34:701][415]LogModuleManager: Shutting down and abandoning module MatineeToLevelSequence (486)
[2018.07.20-22.36.34:701][415]LogModuleManager: Shutting down and abandoning module LevelSequenceEditor (484)
[2018.07.20-22.36.34:701][415]LogModuleManager: Shutting down and abandoning module PlacementMode (483)
[2018.07.20-22.36.34:702][415]LogModuleManager: Shutting down and abandoning module WmfMediaFactory (480)
[2018.07.20-22.36.34:702][415]LogModuleManager: Shutting down and abandoning module WmfMediaEditor (478)
[2018.07.20-22.36.34:702][415]LogModuleManager: Shutting down and abandoning module AvfMediaFactory (476)
[2018.07.20-22.36.34:702][415]LogModuleManager: Shutting down and abandoning module AvfMediaEditor (474)
[2018.07.20-22.36.34:702][415]LogModuleManager: Shutting down and abandoning module AndroidMediaFactory (472)
[2018.07.20-22.36.34:702][415]LogModuleManager: Shutting down and abandoning module Media (471)
[2018.07.20-22.36.34:702][415]LogModuleManager: Shutting down and abandoning module AndroidMediaEditor (468)
[2018.07.20-22.36.34:702][415]LogModuleManager: Shutting down and abandoning module CharacterAI (466)
[2018.07.20-22.36.34:702][415]LogModuleManager: Shutting down and abandoning module AudioCapture (464)
[2018.07.20-22.36.34:702][415]LogModuleManager: Shutting down and abandoning module SequenceRecorder (463)
[2018.07.20-22.36.34:702][415]LogModuleManager: Shutting down and abandoning module SmartSnapping (460)
[2018.07.20-22.36.34:702][415]LogModuleManager: Shutting down and abandoning module SessionServices (458)
[2018.07.20-22.36.34:702][415]LogModuleManager: Shutting down and abandoning module ViewportSnapping (456)
[2018.07.20-22.36.34:702][415]LogModuleManager: Shutting down and abandoning module ViewportInteraction (454)
[2018.07.20-22.36.34:702][415]LogModuleManager: Shutting down and abandoning module ClothPainter (452)
[2018.07.20-22.36.34:702][415]LogModuleManager: Shutting down and abandoning module LogVisualizer (450)
[2018.07.20-22.36.34:702][415]LogModuleManager: Shutting down and abandoning module IntroTutorials (448)
[2018.07.20-22.36.34:702][415]LogModuleManager: Shutting down and abandoning module GameProjectGeneration (447)
[2018.07.20-22.36.34:702][415]LogModuleManager: Shutting down and abandoning module EditorLiveStreaming (444)
[2018.07.20-22.36.34:702][415]LogModuleManager: Shutting down and abandoning module IOSPlatformEditor (442)
[2018.07.20-22.36.34:702][415]LogModuleManager: Shutting down and abandoning module HTML5PlatformEditor (440)
[2018.07.20-22.36.34:702][415]LogModuleManager: Shutting down and abandoning module AndroidPlatformEditor (438)
[2018.07.20-22.36.34:702][415]LogModuleManager: Shutting down and abandoning module AndroidDeviceDetection (437)
[2018.07.20-22.36.35:335][415]LogModuleManager: Shutting down and abandoning module IOSRuntimeSettings (434)
[2018.07.20-22.36.35:335][415]LogModuleManager: Shutting down and abandoning module AndroidRuntimeSettings (432)
[2018.07.20-22.36.35:335][415]LogModuleManager: Shutting down and abandoning module InputBindingEditor (430)
[2018.07.20-22.36.35:335][415]LogModuleManager: Shutting down and abandoning module MergeActors (428)
[2018.07.20-22.36.35:335][415]LogModuleManager: Shutting down and abandoning module SizeMap (426)
[2018.07.20-22.36.35:335][415]LogModuleManager: Shutting down and abandoning module TreeMap (424)
[2018.07.20-22.36.35:335][415]LogModuleManager: Shutting down and abandoning module ReferenceViewer (422)
[2018.07.20-22.36.35:335][415]LogModuleManager: Shutting down and abandoning module LocalizationDashboard (420)
[2018.07.20-22.36.35:335][415]LogModuleManager: Shutting down and abandoning module LocalizationService (419)
[2018.07.20-22.36.35:335][415]LogModuleManager: Shutting down and abandoning module HardwareTargeting (416)
[2018.07.20-22.36.35:335][415]LogModuleManager: Shutting down and abandoning module DeviceProfileEditor (414)
[2018.07.20-22.36.35:335][415]LogModuleManager: Shutting down and abandoning module UndoHistory (412)
[2018.07.20-22.36.35:335][415]LogModuleManager: Shutting down and abandoning module UserFeedback (410)
[2018.07.20-22.36.35:335][415]LogModuleManager: Shutting down and abandoning module XmlParser (408)
[2018.07.20-22.36.35:335][415]LogModuleManager: Shutting down and abandoning module Blutility (406)
[2018.07.20-22.36.35:335][415]LogModuleManager: Shutting down and abandoning module ProjectSettingsViewer (404)
[2018.07.20-22.36.35:335][415]LogModuleManager: Shutting down and abandoning module ProjectTargetPlatformEditor (403)
[2018.07.20-22.36.35:336][415]LogModuleManager: Shutting down and abandoning module EditorSettingsViewer (400)
[2018.07.20-22.36.35:336][415]LogModuleManager: Shutting down and abandoning module SettingsEditor (398)
[2018.07.20-22.36.35:336][415]LogModuleManager: Shutting down and abandoning module ProjectLauncher (396)
[2018.07.20-22.36.35:336][415]LogModuleManager: Shutting down and abandoning module SessionFrontend (394)
[2018.07.20-22.36.35:336][415]LogModuleManager: Shutting down and abandoning module ProfilerClient (392)
[2018.07.20-22.36.35:336][415]LogModuleManager: Shutting down and abandoning module DeviceManager (390)
[2018.07.20-22.36.35:336][415]LogModuleManager: Shutting down and abandoning module TargetDeviceServices (389)
[2018.07.20-22.36.35:391][415]LogModuleManager: Shutting down and abandoning module AutomationController (386)
[2018.07.20-22.36.35:391][415]LogModuleManager: Shutting down and abandoning module AutomationWindow (384)
[2018.07.20-22.36.35:391][415]LogModuleManager: Shutting down and abandoning module Layers (382)
[2018.07.20-22.36.35:391][415]LogModuleManager: Shutting down and abandoning module ComponentVisualizers (380)
[2018.07.20-22.36.35:391][415]LogModuleManager: Shutting down and abandoning module DetailCustomizations (378)
[2018.07.20-22.36.35:391][415]LogModuleManager: Shutting down and abandoning module PackagesDialog (376)
[2018.07.20-22.36.35:391][415]LogModuleManager: Shutting down and abandoning module Persona (374)
[2018.07.20-22.36.35:391][415]LogModuleManager: Shutting down and abandoning module AdvancedPreviewScene (373)
[2018.07.20-22.36.35:391][415]LogModuleManager: Shutting down and abandoning module AnimGraph (371)
[2018.07.20-22.36.35:391][415]LogModuleManager: Shutting down and abandoning module Kismet (368)
[2018.07.20-22.36.35:391][415]LogModuleManager: Shutting down and abandoning module ClassViewer (366)
[2018.07.20-22.36.35:391][415]LogModuleManager: Shutting down and abandoning module Toolbox (364)
[2018.07.20-22.36.35:391][415]LogModuleManager: Shutting down and abandoning module ModuleUI (362)
[2018.07.20-22.36.35:391][415]LogModuleManager: Shutting down and abandoning module MovieSceneTools (360)
[2018.07.20-22.36.35:391][415]LogModuleManager: Shutting down and abandoning module OutputLog (358)
[2018.07.20-22.36.35:391][415]LogModuleManager: Shutting down and abandoning module GammaUI (356)
[2018.07.20-22.36.35:391][415]LogModuleManager: Shutting down and abandoning module Documentation (354)
[2018.07.20-22.36.35:391][415]LogModuleManager: Shutting down and abandoning module MovieSceneTracks (352)
[2018.07.20-22.36.35:391][415]LogModuleManager: Shutting down and abandoning module MovieScene (350)
[2018.07.20-22.36.35:392][415]LogModuleManager: Shutting down and abandoning module Niagara (348)
[2018.07.20-22.36.35:392][415]LogModuleManager: Shutting down and abandoning module NiagaraEditor (347)
[2018.07.20-22.36.35:392][415]LogModuleManager: Shutting down and abandoning module StreamingPauseRendering (344)
[2018.07.20-22.36.35:392][415]LogModuleManager: Shutting down and abandoning module AnalyticsET (342)
[2018.07.20-22.36.35:392][415]LogModuleManager: Shutting down and abandoning module PortalServices (340)
[2018.07.20-22.36.35:392][415]LogModuleManager: Shutting down and abandoning module PortalRpc (338)
[2018.07.20-22.36.35:392][415]LogModuleManager: Shutting down and abandoning module MessagingRpc (336)
[2018.07.20-22.36.35:392][415]LogModuleManager: Shutting down and abandoning module AIModule (334)
[2018.07.20-22.36.35:392][415]LogModuleManager: Shutting down and abandoning module GameplayDebugger (333)
[2018.07.20-22.36.35:392][415]LogModuleManager: Shutting down and abandoning module AITestSuite (331)
[2018.07.20-22.36.35:392][415]LogModuleManager: Shutting down and abandoning module ProfilerService (328)
[2018.07.20-22.36.35:540][415]LogModuleManager: Shutting down and abandoning module TaskGraph (326)
[2018.07.20-22.36.35:540][415]LogModuleManager: Shutting down and abandoning module SteamVRController (324)
[2018.07.20-22.36.35:540][415]LogModuleManager: Shutting down and abandoning module SteamVR (322)
[2018.07.20-22.36.35:540][415]LogModuleManager: Shutting down and abandoning module ProceduralMeshComponentEditor (320)
[2018.07.20-22.36.35:540][415]LogModuleManager: Shutting down and abandoning module ProceduralMeshComponent (318)
[2018.07.20-22.36.35:540][415]LogModuleManager: Shutting down and abandoning module OculusLibrary (316)
[2018.07.20-22.36.35:540][415]LogModuleManager: Shutting down and abandoning module OculusInput (314)
[2018.07.20-22.36.35:540][415]LogModuleManager: Shutting down and abandoning module MobilePatchingUtils (312)
[2018.07.20-22.36.35:540][415]LogModuleManager: Shutting down and abandoning module CustomMeshComponent (310)
[2018.07.20-22.36.35:540][415]LogModuleManager: Shutting down and abandoning module CableComponent (308)
[2018.07.20-22.36.35:540][415]LogModuleManager: Shutting down and abandoning module ArchVisCharacter (306)
[2018.07.20-22.36.35:540][415]LogModuleManager: Shutting down and abandoning module AndroidPermission (304)
[2018.07.20-22.36.35:540][415]LogModuleManager: Shutting down and abandoning module MediaPlayerEditor (300)
[2018.07.20-22.36.35:540][415]LogModuleManager: Shutting down and abandoning module HTML5Networking (298)
[2018.07.20-22.36.35:540][415]LogModuleManager: Shutting down and abandoning module AlembicImporter (296)
[2018.07.20-22.36.35:540][415]LogModuleManager: Shutting down and abandoning module AlembicLibrary (295)
[2018.07.20-22.36.35:540][415]LogModuleManager: Shutting down and abandoning module GeometryCache (294)
[2018.07.20-22.36.35:540][415]LogModuleManager: Shutting down and abandoning module GeometryCacheEd (293)
[2018.07.20-22.36.35:540][415]LogModuleManager: Shutting down and abandoning module SuperSearchEditor (288)
[2018.07.20-22.36.35:540][415]LogModuleManager: Shutting down and abandoning module SuperSearch (287)
[2018.07.20-22.36.35:540][415]LogModuleManager: Shutting down and abandoning module SpeedTreeImporter (284)
[2018.07.20-22.36.35:540][415]LogModuleManager: Shutting down and abandoning module PluginBrowser (282)
[2018.07.20-22.36.35:540][415]LogModuleManager: Shutting down and abandoning module MobileLauncherProfileWizard (280)
[2018.07.20-22.36.35:540][415]LogModuleManager: Shutting down and abandoning module VisualStudioSourceCodeAccess (278)
[2018.07.20-22.36.35:541][415]LogModuleManager: Shutting down and abandoning module DesktopPlatform (277)
[2018.07.20-22.36.35:541][415]LogModuleManager: Shutting down and abandoning module UObjectPlugin (274)
[2018.07.20-22.36.35:541][415]LogModuleManager: Shutting down and abandoning module SubversionSourceControl (272)
[2018.07.20-22.36.35:541][415]LogModuleManager: Shutting down and abandoning module PerforceSourceControl (270)
[2018.07.20-22.36.35:541][415]LogModuleManager: Shutting down and abandoning module GitSourceControl (268)
[2018.07.20-22.36.35:541][415]LogModuleManager: Shutting down and abandoning module SourceControl (267)
[2018.07.20-22.36.35:541][415]LogModuleManager: Shutting down and abandoning module LightPropagationVolumeEditor (264)
[2018.07.20-22.36.35:541][415]LogModuleManager: Shutting down and abandoning module PaperTiledImporter (262)
[2018.07.20-22.36.35:541][415]LogModuleManager: Shutting down and abandoning module PaperSpriteSheetImporter (260)
[2018.07.20-22.36.35:541][415]LogModuleManager: Shutting down and abandoning module Paper2DEditor (258)
[2018.07.20-22.36.35:541][415]LogModuleManager: Shutting down and abandoning module MeshPaint (257)
[2018.07.20-22.36.35:541][415]LogModuleManager: Shutting down and abandoning module LevelEditor (255)
[2018.07.20-22.36.35:541][415]LogModuleManager: Shutting down and abandoning module PixelInspectorModule (254)
[2018.07.20-22.36.35:541][415]LogModuleManager: Shutting down and abandoning module MainFrame (252)
[2018.07.20-22.36.35:541][415]LogModuleManager: Shutting down and abandoning module HotReload (251)
[2018.07.20-22.36.35:542][415]LogModuleManager: Shutting down and abandoning module PhysXVehiclesEditor (246)
[2018.07.20-22.36.35:542][415]LogModuleManager: Shutting down and abandoning module PhysXVehicles (244)
[2018.07.20-22.36.35:542][415]LogModuleManager: Shutting down and abandoning module LocationServicesBPLibrary (242)
[2018.07.20-22.36.35:542][415]LogModuleManager: Shutting down and abandoning module ImmediatePhysicsEditor (240)
[2018.07.20-22.36.35:542][415]LogModuleManager: Shutting down and abandoning module ImmediatePhysics (238)
[2018.07.20-22.36.35:542][415]LogModuleManager: Shutting down and abandoning module UdpMessaging (236)
[2018.07.20-22.36.35:643][415]LogModuleManager: Shutting down and abandoning module TcpMessaging (234)
[2018.07.20-22.36.35:744][415]LogModuleManager: Shutting down and abandoning module GameplayTagsEditor (232)
[2018.07.20-22.36.35:744][415]LogModuleManager: Shutting down and abandoning module FacialAnimationEditor (230)
[2018.07.20-22.36.35:744][415]LogModuleManager: Shutting down and abandoning module FacialAnimation (228)
[2018.07.20-22.36.35:744][415]LogModuleManager: Shutting down and abandoning module AssetManagerEditor (226)
[2018.07.20-22.36.35:744][415]LogModuleManager: Shutting down and abandoning module GraphEditor (225)
[2018.07.20-22.36.35:744][415]LogModuleManager: Shutting down and abandoning module ContentBrowser (223)
[2018.07.20-22.36.35:745][415]LogModuleManager: Shutting down and abandoning module LightPropagationVolumeRuntime (220)
[2018.07.20-22.36.35:745][415]LogModuleManager: Shutting down and abandoning module Paper2D (218)
[2018.07.20-22.36.35:745][415]LogModuleManager: Shutting down and abandoning module WindowsMoviePlayer (216)
[2018.07.20-22.36.35:745][415]LogModuleManager: Shutting down and abandoning module WmfMedia (214)
[2018.07.20-22.36.35:746][415]LogModuleManager: Shutting down and abandoning module ClothingSystemEditor (212)
[2018.07.20-22.36.35:746][415]LogModuleManager: Shutting down and abandoning module ClothingSystemRuntime (210)
[2018.07.20-22.36.35:746][415]LogModuleManager: Shutting down and abandoning module MediaAssets (208)
[2018.07.20-22.36.35:746][415]LogModuleManager: Shutting down and abandoning module GameLiveStreaming (206)
[2018.07.20-22.36.35:746][415]LogModuleManager: Shutting down and abandoning module VREditor (204)
[2018.07.20-22.36.35:746][415]LogModuleManager: Shutting down and abandoning module StringTableEditor (202)
[2018.07.20-22.36.35:747][415]LogModuleManager: Shutting down and abandoning module GameplayTasksEditor (200)
[2018.07.20-22.36.35:747][415]LogModuleManager: Shutting down and abandoning module BehaviorTreeEditor (198)
[2018.07.20-22.36.35:747][415]LogModuleManager: Shutting down and abandoning module FunctionalTesting (196)
[2018.07.20-22.36.35:747][415]LogModuleManager: Shutting down and abandoning module CollisionAnalyzer (194)
[2018.07.20-22.36.35:747][415]LogModuleManager: Shutting down and abandoning module UMG (192)
[2018.07.20-22.36.35:747][415]LogModuleManager: Shutting down and abandoning module UMGEditor (191)
[2018.07.20-22.36.35:747][415]LogModuleManager: Shutting down and abandoning module Sequencer (190)
[2018.07.20-22.36.35:747][415]LogModuleManager: Shutting down and abandoning module AssetTools (188)
[2018.07.20-22.36.35:747][415]LogModuleManager: Shutting down and abandoning module MessageLog (187)
[2018.07.20-22.36.35:747][415]LogModuleManager: Shutting down and abandoning module WorkspaceMenuStructure (186)
[2018.07.20-22.36.35:747][415]LogModuleManager: Shutting down and abandoning module SlateReflector (180)
[2018.07.20-22.36.35:747][415]LogModuleManager: Shutting down and abandoning module Slate (178)
[2018.07.20-22.36.35:747][415]LogModuleManager: Shutting down and abandoning module EditorStyle (176)
[2018.07.20-22.36.35:749][415]LogModuleManager: Shutting down and abandoning module SourceCodeAccess (174)
[2018.07.20-22.36.35:749][415]LogModuleManager: Shutting down and abandoning module HeadMountedDisplay (172)
[2018.07.20-22.36.35:749][415]LogModuleManager: Shutting down and abandoning module XAudio2 (170)
[2018.07.20-22.36.35:749][415]LogModuleManager: Shutting down and abandoning module Networking (168)
[2018.07.20-22.36.35:749][415]LogModuleManager: Shutting down and abandoning module Core (164)
[2018.07.20-22.36.35:749][415]LogModuleManager: Shutting down and abandoning module AssetRegistry (162)
[2018.07.20-22.36.35:935][415]LogDirectoryWatcher: A directory notification for '../../../Engine/Content/' was aborted.
[2018.07.20-22.36.35:935][415]LogDirectoryWatcher: A directory notification for 'I:/Pyromania/Pyromania/Content/' was aborted.
[2018.07.20-22.36.35:935][415]LogDirectoryWatcher: A directory notification for '../../../Engine/Plugins/2D/Paper2D/Content/' was aborted.
[2018.07.20-22.36.35:935][415]LogDirectoryWatcher: A directory notification for '../../../Engine/Plugins/Runtime/GearVR/Content/' was aborted.
[2018.07.20-22.36.35:938][415]LogModuleManager: Shutting down and abandoning module DirectoryWatcher (161)
[2018.07.20-22.36.35:939][415]LogModuleManager: Shutting down and abandoning module KismetCompiler (158)
[2018.07.20-22.36.35:939][415]LogModuleManager: Shutting down and abandoning module LevelSequence (156)
[2018.07.20-22.36.35:939][415]LogModuleManager: Shutting down and abandoning module PhysXFormats (154)
[2018.07.20-22.36.35:939][415]LogModuleManager: Shutting down and abandoning module MeshUtilities (152)
[2018.07.20-22.36.35:939][415]LogModuleManager: Shutting down and abandoning module SimplygonSwarm (151)
[2018.07.20-22.36.35:939][415]LogModuleManager: Shutting down and abandoning module SimplygonMeshReduction (149)
[2018.07.20-22.36.35:939][415]LogModuleManager: Shutting down and abandoning module QuadricMeshReduction (147)
[2018.07.20-22.36.35:939][415]LogModuleManager: Shutting down and abandoning module DerivedDataCache (144)
[2018.07.20-22.36.35:974][415]LogDerivedDataCache: Shutdown
[2018.07.20-22.36.35:974][415]LogModuleManager: Shutting down and abandoning module TargetPlatform (142)
[2018.07.20-22.36.35:974][415]LogModuleManager: Shutting down and abandoning module VulkanShaderFormat (141)
[2018.07.20-22.36.35:974][415]LogModuleManager: Shutting down and abandoning module ShaderFormatVectorVM (139)
[2018.07.20-22.36.35:974][415]LogModuleManager: Shutting down and abandoning module ShaderFormatOpenGL (137)
[2018.07.20-22.36.35:974][415]LogModuleManager: Shutting down and abandoning module ShaderFormatD3D (135)
[2018.07.20-22.36.35:974][415]LogModuleManager: Shutting down and abandoning module MetalShaderFormat (133)
[2018.07.20-22.36.35:974][415]LogModuleManager: Shutting down and abandoning module TextureFormatUncompressed (131)
[2018.07.20-22.36.35:974][415]LogModuleManager: Shutting down and abandoning module TextureFormatPVR (129)
[2018.07.20-22.36.35:974][415]LogModuleManager: Shutting down and abandoning module TextureFormatDXT (127)
[2018.07.20-22.36.35:974][415]LogModuleManager: Shutting down and abandoning module TextureFormatIntelISPCTexComp (125)
[2018.07.20-22.36.35:974][415]LogModuleManager: Shutting down and abandoning module TextureFormatASTC (123)
[2018.07.20-22.36.35:974][415]LogModuleManager: Shutting down and abandoning module ImageWrapper (122)
[2018.07.20-22.36.35:974][415]LogModuleManager: Shutting down and abandoning module TextureFormatAndroid (119)
[2018.07.20-22.36.35:974][415]LogModuleManager: Shutting down and abandoning module AudioFormatOpus (117)
[2018.07.20-22.36.35:974][415]LogModuleManager: Shutting down and abandoning module AudioFormatOgg (115)
[2018.07.20-22.36.35:975][415]LogModuleManager: Shutting down and abandoning module AudioFormatADPCM (113)
[2018.07.20-22.36.35:975][415]LogModuleManager: Shutting down and abandoning module LinuxTargetPlatform (111)
[2018.07.20-22.36.35:975][415]LogModuleManager: Shutting down and abandoning module LinuxServerTargetPlatform (109)
[2018.07.20-22.36.35:975][415]LogModuleManager: Shutting down and abandoning module LinuxNoEditorTargetPlatform (107)
[2018.07.20-22.36.35:975][415]LogModuleManager: Shutting down and abandoning module LinuxClientTargetPlatform (105)
[2018.07.20-22.36.35:975][415]LogModuleManager: Shutting down and abandoning module TVOSTargetPlatform (103)
[2018.07.20-22.36.35:975][415]LogModuleManager: Shutting down and abandoning module Messaging (101)
[2018.07.20-22.36.35:975][415]LogModuleManager: Shutting down and abandoning module IOSTargetPlatform (99)
[2018.07.20-22.36.35:975][415]LogModuleManager: Shutting down and abandoning module HTML5TargetPlatform (97)
[2018.07.20-22.36.35:975][415]LogModuleManager: Shutting down and abandoning module Android_PVRTCTargetPlatform (95)
[2018.07.20-22.36.35:975][415]LogModuleManager: Shutting down and abandoning module Android_MultiTargetPlatform (93)
[2018.07.20-22.36.35:975][415]LogModuleManager: Shutting down and abandoning module Android_ETC2TargetPlatform (91)
[2018.07.20-22.36.35:975][415]LogModuleManager: Shutting down and abandoning module Android_ETC1TargetPlatform (89)
[2018.07.20-22.36.35:975][415]LogModuleManager: Shutting down and abandoning module Android_DXTTargetPlatform (87)
[2018.07.20-22.36.35:975][415]LogModuleManager: Shutting down and abandoning module Android_ATCTargetPlatform (85)
[2018.07.20-22.36.35:975][415]LogModuleManager: Shutting down and abandoning module Android_ASTCTargetPlatform (83)
[2018.07.20-22.36.35:975][415]LogModuleManager: Shutting down and abandoning module AndroidTargetPlatform (81)
[2018.07.20-22.36.35:975][415]LogModuleManager: Shutting down and abandoning module WindowsTargetPlatform (79)
[2018.07.20-22.36.35:975][415]LogModuleManager: Shutting down and abandoning module WindowsServerTargetPlatform (77)
[2018.07.20-22.36.35:975][415]LogModuleManager: Shutting down and abandoning module WindowsNoEditorTargetPlatform (75)
[2018.07.20-22.36.35:975][415]LogModuleManager: Shutting down and abandoning module WindowsClientTargetPlatform (73)
[2018.07.20-22.36.35:975][415]LogModuleManager: Shutting down and abandoning module MacTargetPlatform (71)
[2018.07.20-22.36.35:975][415]LogModuleManager: Shutting down and abandoning module MacServerTargetPlatform (69)
[2018.07.20-22.36.35:975][415]LogModuleManager: Shutting down and abandoning module MacNoEditorTargetPlatform (67)
[2018.07.20-22.36.35:975][415]LogModuleManager: Shutting down and abandoning module MacClientTargetPlatform (65)
[2018.07.20-22.36.35:975][415]LogModuleManager: Shutting down and abandoning module AllDesktopTargetPlatform (63)
[2018.07.20-22.36.35:975][415]LogModuleManager: Shutting down and abandoning module InputCore (60)
[2018.07.20-22.36.35:975][415]LogModuleManager: Shutting down and abandoning module Settings (58)
[2018.07.20-22.36.35:975][415]LogModuleManager: Shutting down and abandoning module OculusRift (56)
[2018.07.20-22.36.35:975][415]LogModuleManager: Shutting down and abandoning module GearVRController (54)
[2018.07.20-22.36.35:975][415]LogModuleManager: Shutting down and abandoning module GearVR (52)
[2018.07.20-22.36.35:975][415]LogModuleManager: Shutting down and abandoning module ExampleDeviceProfileSelector (50)
[2018.07.20-22.36.35:975][415]LogModuleManager: Shutting down and abandoning module OnlineBlueprintSupport (48)
[2018.07.20-22.36.35:975][415]LogModuleManager: Shutting down and abandoning module OnlineSubsystem (44)
[2018.07.20-22.36.35:975][415]LogOnline:Display: Unloading online subsystem: NULL
[2018.07.20-22.36.35:975][415]LogModuleManager: Shutting down and abandoning module XMPP (43)
[2018.07.20-22.36.35:975][415]LogModuleManager: Shutting down and abandoning module HTTP (41)
[2018.07.20-22.36.35:975][415]LogHttp:Display: Http module shutting down, but needs to wait on 1 outstanding Http requests:
[2018.07.20-22.36.35:975][415]LogHttp:Display: 	verb=[POST] url=[https://datarouter.ol.epicgames.com/datarouter/api/v1/public/data?SessionID=%7B0F258C89-4F85-5108-1F5F-A68AE73C460F%7D&AppID=UEEditor.Rocket.Release&AppVersion=4.16.3-3561208%2B%2B%2BUE4%2BRelease-4.16&UserID=f1fa16644fd2eac7125105bf7172ba62%7C72cc9f9e75a74d10b3c0c5903e0bab93%7C1a671e5a-32ba-4583-8f10-71adb91b3024&AppEnvironment=datacollector-binary&UploadType=eteventstream] status=Processing
[2018.07.20-22.36.35:989][415]LogModuleManager: Shutting down and abandoning module SSL (40)
[2018.07.20-22.36.35:990][415]LogModuleManager: Shutting down and abandoning module HTTPChunkInstaller (36)
[2018.07.20-22.36.35:990][415]LogModuleManager: Shutting down and abandoning module AnimationModifiers (34)
[2018.07.20-22.36.35:990][415]LogModuleManager: Shutting down and abandoning module PropertyEditor (33)
[2018.07.20-22.36.35:990][415]LogModuleManager: Shutting down and abandoning module AudioEditor (30)
[2018.07.20-22.36.35:990][415]LogModuleManager: Shutting down and abandoning module TextureCompressor (28)
[2018.07.20-22.36.35:990][415]LogModuleManager: Shutting down and abandoning module ShaderCore (26)
[2018.07.20-22.36.35:990][415]LogModuleManager: Shutting down and abandoning module Landscape (24)
[2018.07.20-22.36.35:990][415]LogModuleManager: Shutting down and abandoning module SlateRHIRenderer (22)
[2018.07.20-22.36.35:991][415]LogModuleManager: Shutting down and abandoning module OpenGLDrv (20)
[2018.07.20-22.36.35:991][415]LogModuleManager: Shutting down and abandoning module D3D11RHI (18)
[2018.07.20-22.36.35:991][415]LogModuleManager: Shutting down and abandoning module AnimGraphRuntime (16)
[2018.07.20-22.36.35:991][415]LogModuleManager: Shutting down and abandoning module Renderer (14)
[2018.07.20-22.36.35:991][415]LogModuleManager: Shutting down and abandoning module Engine (12)
[2018.07.20-22.36.35:991][415]LogModuleManager: Shutting down and abandoning module CoreUObject (10)
[2018.07.20-22.36.35:991][415]LogModuleManager: Shutting down and abandoning module NetworkFile (8)
[2018.07.20-22.36.35:991][415]LogModuleManager: Shutting down and abandoning module StreamingFile (6)
[2018.07.20-22.36.35:991][415]LogModuleManager: Shutting down and abandoning module SandboxFile (4)
[2018.07.20-22.36.35:991][415]LogModuleManager: Shutting down and abandoning module PakFile (2)
[2018.07.20-22.36.35:993][415]LogExit: Exiting.
[2018.07.20-22.36.36:009][415]Log file closed, 07/20/18 23:36:36
